Using pre-set license

 COMMAND LINE ARGUMENTS:
/Applications/Unity/Hub/Editor/2020.3.16f1/Unity.app/Contents/MacOS/Unity
-adb2
-batchMode
-noUpm
-name
AssetImportWorker0
-projectPath
/Users/derekhudgins/New capture the flag
-logFile
Logs/AssetImportWorker0.log
-srvPort
53295
Successfully changed project path to: /Users/derekhudgins/New capture the flag
/Users/derekhudgins/New capture the flag
Using Asset Import Pipeline V2.
Refreshing native plugins compatible for Editor in 55.14 ms, found 4 plugins.
Preloading 0 native plugins for Editor in 0.00 ms.
Initialize engine version: 2020.3.16f1 (049d6eca3c44)
[Subsystems] Discovering subsystems at path /Applications/Unity/Hub/Editor/2020.3.16f1/Unity.app/Contents/Resources/UnitySubsystems
[Subsystems] Discovering subsystems at path /Users/derekhudgins/New capture the flag/Assets
GfxDevice: creating device client; threaded=0
2021-08-13 17:09:39.456 Unity[21889:987602] (null) preferred device: Apple M1 (high power)
2021-08-13 17:09:39.456 Unity[21889:987602] Metal devices available: 1
2021-08-13 17:09:39.456 Unity[21889:987602] 0: Apple M1 (high power)
2021-08-13 17:09:39.457 Unity[21889:987602] Using device Apple M1 (high power)
Initializing Metal device caps: Apple M1
Initialize mono
Mono path[0] = '/Applications/Unity/Hub/Editor/2020.3.16f1/Unity.app/Contents/Managed'
Mono path[1] = '/Applications/Unity/Hub/Editor/2020.3.16f1/Unity.app/Contents/MonoBleedingEdge/lib/mono/unityjit'
Mono config path = '/Applications/Unity/Hub/Editor/2020.3.16f1/Unity.app/Contents/MonoBleedingEdge/etc'
Using monoOptions --debugger-agent=transport=dt_socket,embedding=1,server=y,suspend=n,address=127.0.0.1:56889
Begin MonoManager ReloadAssembly
Registering precompiled unity dll's ...
Register platform support module: /Applications/Unity/Hub/Editor/2020.3.16f1/Unity.app/Contents/PlaybackEngines/MacStandaloneSupport/UnityEditor.OSXStandalone.Extensions.dll
Registered in 0.000894 seconds.
Native extension for OSXStandalone target not found
Refreshing native plugins compatible for Editor in 48.70 ms, found 4 plugins.
Preloading 0 native plugins for Editor in 0.00 ms.
Mono: successfully reloaded assembly
- Completed reload, in  2.642 seconds
Domain Reload Profiling:
	ReloadAssembly (2642ms)
		BeginReloadAssembly (103ms)
			ExecutionOrderSort (0ms)
			DisableScriptedObjects (0ms)
			BackupInstance (0ms)
			ReleaseScriptingObjects (0ms)
			CreateAndSetChildDomain (2ms)
		EndReloadAssembly (969ms)
			LoadAssemblies (100ms)
			RebuildTransferFunctionScriptingTraits (1ms)
			SetupTypeCache (193ms)
			ReleaseScriptCaches (0ms)
			RebuildScriptCaches (44ms)
			SetupLoadedEditorAssemblies (544ms)
				LogAssemblyErrors (0ms)
				InitializePlatformSupportModulesInManaged (12ms)
				SetLoadedEditorAssemblies (1ms)
				RefreshPlugins (49ms)
				BeforeProcessingInitializeOnLoad (34ms)
				ProcessInitializeOnLoadAttributes (324ms)
				ProcessInitializeOnLoadMethodAttributes (122ms)
				AfterProcessingInitializeOnLoad (0ms)
				EditorAssembliesLoaded (1ms)
			ExecutionOrderSort2 (0ms)
			AwakeInstancesAfterBackupRestoration (0ms)
Platform modules already initialized, skipping
Registering precompiled user dll's ...
Registered in 0.006261 seconds.
Begin MonoManager ReloadAssembly
Native extension for OSXStandalone target not found
Refreshing native plugins compatible for Editor in 47.86 ms, found 4 plugins.
Preloading 0 native plugins for Editor in 0.00 ms.
Mono: successfully reloaded assembly
- Completed reload, in  2.688 seconds
Domain Reload Profiling:
	ReloadAssembly (2689ms)
		BeginReloadAssembly (260ms)
			ExecutionOrderSort (0ms)
			DisableScriptedObjects (32ms)
			BackupInstance (0ms)
			ReleaseScriptingObjects (0ms)
			CreateAndSetChildDomain (39ms)
		EndReloadAssembly (2331ms)
			LoadAssemblies (197ms)
			RebuildTransferFunctionScriptingTraits (0ms)
			SetupTypeCache (378ms)
			ReleaseScriptCaches (0ms)
			RebuildScriptCaches (61ms)
			SetupLoadedEditorAssemblies (1348ms)
				LogAssemblyErrors (0ms)
				InitializePlatformSupportModulesInManaged (11ms)
				SetLoadedEditorAssemblies (0ms)
				RefreshPlugins (48ms)
				BeforeProcessingInitializeOnLoad (117ms)
				ProcessInitializeOnLoadAttributes (1124ms)
				ProcessInitializeOnLoadMethodAttributes (47ms)
				AfterProcessingInitializeOnLoad (1ms)
				EditorAssembliesLoaded (0ms)
			ExecutionOrderSort2 (0ms)
			AwakeInstancesAfterBackupRestoration (30ms)
Platform modules already initialized, skipping
========================================================================
Worker process is ready to serve import requests
Launching external process: /Applications/Unity/Hub/Editor/2020.3.16f1/Unity.app/Contents/Tools/UnityShaderCompiler
Launched and connected shader compiler UnityShaderCompiler after 0.03 seconds
Refreshing native plugins compatible for Editor in 0.57 ms, found 4 plugins.
Preloading 0 native plugins for Editor in 0.00 ms.
Unloading 2110 Unused Serialized files (Serialized files now loaded: 0)
System memory in use before: 176.1 MB.
System memory in use after: 176.2 MB.

Unloading 45 unused Assets to reduce memory usage. Loaded Objects now: 2573.
Total: 9.748375 ms (FindLiveObjects: 0.223166 ms CreateObjectMapping: 0.041917 ms MarkObjects: 9.395791 ms  DeleteObjects: 0.086292 ms)

AssetImportParameters requested are different than current active one (requested -> active):
  custom:video-decoder-ogg-theora: a1e56fd34408186e4bbccfd4996cb3dc -> 
  custom:container-muxer-webm: aa71ff27fc2769a1b78a27578f13a17b -> 
  custom:container-demuxer-webm: 4f35f7cbe854078d1ac9338744f61a02 -> 
  custom:container-demuxer-ogg: 62fdf1f143b41e24485cea50d1cbac27 -> 
  custom:video-encoder-webm-vp8: eb34c28f22e8b96e1ab97ce403110664 -> 
  custom:framework-osx-AVFoundation: e770b220cccbd017edd2c1fefb359320 -> 
  custom:video-decoder-webm-vp8: 9c59270c3fd7afecdb556c50c9e8de78 -> 
  custom:audio-decoder-ogg-vorbis: bf7c407c2cedff20999df2af8eb42d56 -> 
  custom:audio-encoder-webm-vorbis: bf7c407c2cedff20999df2af8eb42d56 -> 
========================================================================
Received Import Request.
  path: Assets/BayatGames/Free Platform Game Assets/Character/Character Animation ( Update 1.8 )/Jump/2x.png
  artifactKey: Guid(5d2d7f4ab1e201048be99e1dc5fc3488) Importer(815301076,1909f56bfc062723c751e8b465ee728b)
Start importing Assets/BayatGames/Free Platform Game Assets/Character/Character Animation ( Update 1.8 )/Jump/2x.png using Guid(5d2d7f4ab1e201048be99e1dc5fc3488) Importer(815301076,1909f56bfc062723c751e8b465ee728b)  -> (artifact id: '2bfb704e4cee294a40641888d412b046') in 0.730198 seconds 
  Import took 0.733777 seconds .

========================================================================
Received Import Request.
  Time since last request: 0.000334 seconds.
  path: Assets/BayatGames/Free Platform Game Assets/Character/Character Animation ( Update 1.8 )/Idle/1x.png
  artifactKey: Guid(c483493eb3ec0f143b5d78ad823ac661) Importer(815301076,1909f56bfc062723c751e8b465ee728b)
Start importing Assets/BayatGames/Free Platform Game Assets/Character/Character Animation ( Update 1.8 )/Idle/1x.png using Guid(c483493eb3ec0f143b5d78ad823ac661) Importer(815301076,1909f56bfc062723c751e8b465ee728b)  -> (artifact id: '9a57441e88d8a2ca368a63b647ec366d') in 0.014994 seconds 
  Import took 0.017323 seconds .

========================================================================
Received Import Request.
  Time since last request: 0.000312 seconds.
  path: Assets/BayatGames/Free Platform Game Assets/Character/Character Animation ( Update 1.8 )/Idle/Blink
  artifactKey: Guid(98c566e663ee788429ae843b64df36ac) Importer(815301076,1909f56bfc062723c751e8b465ee728b)
Start importing Assets/BayatGames/Free Platform Game Assets/Character/Character Animation ( Update 1.8 )/Idle/Blink using Guid(98c566e663ee788429ae843b64df36ac) Importer(815301076,1909f56bfc062723c751e8b465ee728b)  -> (artifact id: '532d74ea5f5a55d91775a96d144ed5d5') in 0.004701 seconds 
  Import took 0.007382 seconds .

========================================================================
Received Import Request.
  Time since last request: 0.000229 seconds.
  path: Assets/BayatGames/Free Platform Game Assets/Character/Character Animation ( Update 1.8 )/Idle
  artifactKey: Guid(b2fccbf6373b5ee43872873fb27a403c) Importer(815301076,1909f56bfc062723c751e8b465ee728b)
Start importing Assets/BayatGames/Free Platform Game Assets/Character/Character Animation ( Update 1.8 )/Idle using Guid(b2fccbf6373b5ee43872873fb27a403c) Importer(815301076,1909f56bfc062723c751e8b465ee728b)  -> (artifact id: '7282f7921757d7769c39938344b0f958') in 0.000714 seconds 
  Import took 0.002650 seconds .

========================================================================
Received Import Request.
  Time since last request: 0.000142 seconds.
  path: Assets/BayatGames/Free Platform Game Assets/Character/Character Animation ( Update 1.8 )/Jump/1x.png
  artifactKey: Guid(f98aa3d998533f2479a54460b4d5a2d0) Importer(815301076,1909f56bfc062723c751e8b465ee728b)
Start importing Assets/BayatGames/Free Platform Game Assets/Character/Character Animation ( Update 1.8 )/Jump/1x.png using Guid(f98aa3d998533f2479a54460b4d5a2d0) Importer(815301076,1909f56bfc062723c751e8b465ee728b)  -> (artifact id: 'e1fb6b32b7d3987d1a9aedc0875800fe') in 0.007879 seconds 
  Import took 0.010156 seconds .

========================================================================
Received Import Request.
  Time since last request: 0.000201 seconds.
  path: Assets/BayatGames/Free Platform Game Assets/Character/Character Animation ( Update 1.8 )/Idle/2x.png
  artifactKey: Guid(6bd1c00f5f6ecc746b6e2277f8a7d292) Importer(815301076,1909f56bfc062723c751e8b465ee728b)
Start importing Assets/BayatGames/Free Platform Game Assets/Character/Character Animation ( Update 1.8 )/Idle/2x.png using Guid(6bd1c00f5f6ecc746b6e2277f8a7d292) Importer(815301076,1909f56bfc062723c751e8b465ee728b)  -> (artifact id: '886338371c2384e3d97361bf8f5d6aac') in 0.008165 seconds 
  Import took 0.010533 seconds .

========================================================================
Received Import Request.
  Time since last request: 0.000177 seconds.
  path: Assets/BayatGames/Free Platform Game Assets/Character/Character Animation ( Update 1.8 )
  artifactKey: Guid(463876520bcb40e46b9047b073639897) Importer(815301076,1909f56bfc062723c751e8b465ee728b)
Start importing Assets/BayatGames/Free Platform Game Assets/Character/Character Animation ( Update 1.8 ) using Guid(463876520bcb40e46b9047b073639897) Importer(815301076,1909f56bfc062723c751e8b465ee728b)  -> (artifact id: '7ab56ab3e9f2204901a97e4bdcc7c5fa') in 0.000699 seconds 
  Import took 0.002514 seconds .

========================================================================
Received Import Request.
  Time since last request: 7.230309 seconds.
  path: Assets/BayatGames/Free Platform Game Assets/Demo/Demo.unity
  artifactKey: Guid(c141d24673958bb44b780d361745cca7) Importer(815301076,1909f56bfc062723c751e8b465ee728b)
Start importing Assets/BayatGames/Free Platform Game Assets/Demo/Demo.unity using Guid(c141d24673958bb44b780d361745cca7) Importer(815301076,1909f56bfc062723c751e8b465ee728b)  -> (artifact id: '794d318d07dd61dcae50766152dc4c23') in 0.002753 seconds 
  Import took 0.014945 seconds .

========================================================================
Received Import Request.
  Time since last request: 35.185969 seconds.
  path: Assets/BayatGames/Free Platform Game Assets/Enemies/Enemies/png
  artifactKey: Guid(4f6d3d209fb968546bc13c89f1ba3e36) Importer(815301076,1909f56bfc062723c751e8b465ee728b)
Start importing Assets/BayatGames/Free Platform Game Assets/Enemies/Enemies/png using Guid(4f6d3d209fb968546bc13c89f1ba3e36) Importer(815301076,1909f56bfc062723c751e8b465ee728b)  -> (artifact id: 'a7fed0cdbf2630caa6beb238d470b8b6') in 0.001560 seconds 
  Import took 0.005771 seconds .

========================================================================
Received Import Request.
  Time since last request: 0.001027 seconds.
  path: Assets/BayatGames/Free Platform Game Assets/Enemies/Enemies/png
  artifactKey: Guid(4f6d3d209fb968546bc13c89f1ba3e36) Importer(815301076,1909f56bfc062723c751e8b465ee728b)
Start importing Assets/BayatGames/Free Platform Game Assets/Enemies/Enemies/png using Guid(4f6d3d209fb968546bc13c89f1ba3e36) Importer(815301076,1909f56bfc062723c751e8b465ee728b)  -> (artifact id: 'a7fed0cdbf2630caa6beb238d470b8b6') in 0.000862 seconds 
  Import took 0.004927 seconds .

========================================================================
Received Import Request.
  Time since last request: 1.112453 seconds.
  path: Assets/BayatGames/Free Platform Game Assets/Enemies/Enemies/png/32x32
  artifactKey: Guid(053d801005358aa4b92d5d32635df76c) Importer(815301076,1909f56bfc062723c751e8b465ee728b)
Start importing Assets/BayatGames/Free Platform Game Assets/Enemies/Enemies/png/32x32 using Guid(053d801005358aa4b92d5d32635df76c) Importer(815301076,1909f56bfc062723c751e8b465ee728b)  -> (artifact id: '3d0edcc777ed4d038d80126564948da0') in 0.001618 seconds 
  Import took 0.006167 seconds .

========================================================================
Received Import Request.
  Time since last request: 0.000430 seconds.
  path: Assets/BayatGames/Free Platform Game Assets/Enemies/Enemies/png/32x32
  artifactKey: Guid(053d801005358aa4b92d5d32635df76c) Importer(815301076,1909f56bfc062723c751e8b465ee728b)
Start importing Assets/BayatGames/Free Platform Game Assets/Enemies/Enemies/png/32x32 using Guid(053d801005358aa4b92d5d32635df76c) Importer(815301076,1909f56bfc062723c751e8b465ee728b)  -> (artifact id: '3d0edcc777ed4d038d80126564948da0') in 0.000806 seconds 
  Import took 0.004346 seconds .

========================================================================
Received Import Request.
  Time since last request: 0.108745 seconds.
  path: Assets/BayatGames/Free Platform Game Assets/Enemies/Enemies/png/32x32/Spike_Down.png
  artifactKey: Guid(4e7df43df38ac754f81eba8fc09b1931) Importer(815301076,1909f56bfc062723c751e8b465ee728b)
Start importing Assets/BayatGames/Free Platform Game Assets/Enemies/Enemies/png/32x32/Spike_Down.png using Guid(4e7df43df38ac754f81eba8fc09b1931) Importer(815301076,1909f56bfc062723c751e8b465ee728b)  -> (artifact id: '422d6f9a83b3478150bb5d936344e5cc') in 0.016656 seconds 
  Import took 0.019685 seconds .

========================================================================
Received Import Request.
  Time since last request: 0.000289 seconds.
  path: Assets/BayatGames/Free Platform Game Assets/Enemies/Enemies/png/32x32/Spike_Left&Right.png
  artifactKey: Guid(3560cf5b0cd02ac47bfdf0db0469d4d4) Importer(815301076,1909f56bfc062723c751e8b465ee728b)
Start importing Assets/BayatGames/Free Platform Game Assets/Enemies/Enemies/png/32x32/Spike_Left&Right.png using Guid(3560cf5b0cd02ac47bfdf0db0469d4d4) Importer(815301076,1909f56bfc062723c751e8b465ee728b)  -> (artifact id: 'e49df22532731d82481122f99be1187e') in 0.009404 seconds 
  Import took 0.012353 seconds .

========================================================================
Received Import Request.
  Time since last request: 0.000253 seconds.
  path: Assets/BayatGames/Free Platform Game Assets/Enemies/Enemies/png/32x32/Spike_Up.png
  artifactKey: Guid(65d2be0c137e85445970ea21fdb08c8a) Importer(815301076,1909f56bfc062723c751e8b465ee728b)
Start importing Assets/BayatGames/Free Platform Game Assets/Enemies/Enemies/png/32x32/Spike_Up.png using Guid(65d2be0c137e85445970ea21fdb08c8a) Importer(815301076,1909f56bfc062723c751e8b465ee728b)  -> (artifact id: '6bfbf35e6cbd6b8d62f8f8c53c7158c2') in 0.008374 seconds 
  Import took 0.011506 seconds .

========================================================================
Received Import Request.
  Time since last request: 9.003903 seconds.
  path: Assets/BayatGames/Free Platform Game Assets/Tiles/2.5D Tiles
  artifactKey: Guid(92cb8106d7cfdfb4793ac2f0fd260028) Importer(815301076,1909f56bfc062723c751e8b465ee728b)
Start importing Assets/BayatGames/Free Platform Game Assets/Tiles/2.5D Tiles using Guid(92cb8106d7cfdfb4793ac2f0fd260028) Importer(815301076,1909f56bfc062723c751e8b465ee728b)  -> (artifact id: '7ea699181b1677d18aad4cb73975062f') in 0.001374 seconds 
  Import took 0.005449 seconds .

========================================================================
Received Import Request.
  Time since last request: 0.001322 seconds.
  path: Assets/BayatGames/Free Platform Game Assets/Tiles/2.5D Tiles
  artifactKey: Guid(92cb8106d7cfdfb4793ac2f0fd260028) Importer(815301076,1909f56bfc062723c751e8b465ee728b)
Start importing Assets/BayatGames/Free Platform Game Assets/Tiles/2.5D Tiles using Guid(92cb8106d7cfdfb4793ac2f0fd260028) Importer(815301076,1909f56bfc062723c751e8b465ee728b)  -> (artifact id: '7ea699181b1677d18aad4cb73975062f') in 0.001163 seconds 
  Import took 0.005744 seconds .

========================================================================
Received Import Request.
  Time since last request: 14.157180 seconds.
  path: Assets/BayatGames/Free Platform Game Assets/Character/Character Source
  artifactKey: Guid(e2fcd15e38045f146ad298394c585b29) Importer(815301076,1909f56bfc062723c751e8b465ee728b)
Start importing Assets/BayatGames/Free Platform Game Assets/Character/Character Source using Guid(e2fcd15e38045f146ad298394c585b29) Importer(815301076,1909f56bfc062723c751e8b465ee728b)  -> (artifact id: '4aa4e74f5e9bde2d5b7547cf50b0a6f7') in 0.002484 seconds 
  Import took 0.007300 seconds .

========================================================================
Received Import Request.
  Time since last request: 1.134890 seconds.
  path: Assets/BayatGames/Free Platform Game Assets/Character/Character Source/png
  artifactKey: Guid(ba49fa5191630e8408bc327ff6801786) Importer(815301076,1909f56bfc062723c751e8b465ee728b)
Start importing Assets/BayatGames/Free Platform Game Assets/Character/Character Source/png using Guid(ba49fa5191630e8408bc327ff6801786) Importer(815301076,1909f56bfc062723c751e8b465ee728b)  -> (artifact id: '3149c8e0fc0ee3699a2ddc636bc49d5f') in 0.001919 seconds 
  Import took 0.010096 seconds .

========================================================================
Received Import Request.
  Time since last request: 1.339843 seconds.
  path: Assets/BayatGames/Free Platform Game Assets/Character/Character Source/png/1x
  artifactKey: Guid(bd3f7526b8b1ed741a7bd39458b5cfae) Importer(815301076,1909f56bfc062723c751e8b465ee728b)
Start importing Assets/BayatGames/Free Platform Game Assets/Character/Character Source/png/1x using Guid(bd3f7526b8b1ed741a7bd39458b5cfae) Importer(815301076,1909f56bfc062723c751e8b465ee728b)  -> (artifact id: '8f5d122213eea2b87b58707d69380161') in 0.000901 seconds 
  Import took 0.004821 seconds .

========================================================================
Received Import Request.
  Time since last request: 0.000316 seconds.
  path: Assets/BayatGames/Free Platform Game Assets/Character/Character Source/png/1x
  artifactKey: Guid(bd3f7526b8b1ed741a7bd39458b5cfae) Importer(815301076,1909f56bfc062723c751e8b465ee728b)
Start importing Assets/BayatGames/Free Platform Game Assets/Character/Character Source/png/1x using Guid(bd3f7526b8b1ed741a7bd39458b5cfae) Importer(815301076,1909f56bfc062723c751e8b465ee728b)  -> (artifact id: '8f5d122213eea2b87b58707d69380161') in 0.000635 seconds 
  Import took 0.003255 seconds .

========================================================================
Received Import Request.
  Time since last request: 0.107514 seconds.
  path: Assets/BayatGames/Free Platform Game Assets/Character/Character Source/png/1x/Body.png
  artifactKey: Guid(34d7edc209cc0a44bbd2d515e290b5dc) Importer(815301076,1909f56bfc062723c751e8b465ee728b)
Start importing Assets/BayatGames/Free Platform Game Assets/Character/Character Source/png/1x/Body.png using Guid(34d7edc209cc0a44bbd2d515e290b5dc) Importer(815301076,1909f56bfc062723c751e8b465ee728b)  -> (artifact id: 'da63950aaa8efb303f4882db1b57fa3d') in 0.012235 seconds 
  Import took 0.015188 seconds .

========================================================================
Received Import Request.
  Time since last request: 0.000286 seconds.
  path: Assets/BayatGames/Free Platform Game Assets/Character/Character Source/png/1x/LeftHand&Arm.png
  artifactKey: Guid(da0a680ffa7a35044b4b43dcd7beda07) Importer(815301076,1909f56bfc062723c751e8b465ee728b)
Start importing Assets/BayatGames/Free Platform Game Assets/Character/Character Source/png/1x/LeftHand&Arm.png using Guid(da0a680ffa7a35044b4b43dcd7beda07) Importer(815301076,1909f56bfc062723c751e8b465ee728b)  -> (artifact id: 'ec09a7959730f3fdfc2d877ed52dd3c4') in 0.043171 seconds 
  Import took 0.045619 seconds .

========================================================================
Received Import Request.
  Time since last request: 0.000256 seconds.
  path: Assets/BayatGames/Free Platform Game Assets/Character/Character Source/png/1x/Eye.png
  artifactKey: Guid(fb025f51ade62854baa195bbdd5631c7) Importer(815301076,1909f56bfc062723c751e8b465ee728b)
Start importing Assets/BayatGames/Free Platform Game Assets/Character/Character Source/png/1x/Eye.png using Guid(fb025f51ade62854baa195bbdd5631c7) Importer(815301076,1909f56bfc062723c751e8b465ee728b)  -> (artifact id: '9d40f9c4e458d25b78834278ddd44ac5') in 0.006856 seconds 
  Import took 0.009462 seconds .

========================================================================
Received Import Request.
  Time since last request: 0.000280 seconds.
  path: Assets/BayatGames/Free Platform Game Assets/Character/Character Source/png/1x/RightHand&Arm.png
  artifactKey: Guid(1522717752b33424eb99ca876b572985) Importer(815301076,1909f56bfc062723c751e8b465ee728b)
Start importing Assets/BayatGames/Free Platform Game Assets/Character/Character Source/png/1x/RightHand&Arm.png using Guid(1522717752b33424eb99ca876b572985) Importer(815301076,1909f56bfc062723c751e8b465ee728b)  -> (artifact id: '51c0f9bbbee1a43f2f9c15d590f37d5d') in 0.021292 seconds 
  Import took 0.023827 seconds .

========================================================================
Received Import Request.
  Time since last request: 0.000325 seconds.
  path: Assets/BayatGames/Free Platform Game Assets/Character/Character Source/png/1x/Foot.png
  artifactKey: Guid(f0f2d2ccf421cf04987dd480807bc932) Importer(815301076,1909f56bfc062723c751e8b465ee728b)
Start importing Assets/BayatGames/Free Platform Game Assets/Character/Character Source/png/1x/Foot.png using Guid(f0f2d2ccf421cf04987dd480807bc932) Importer(815301076,1909f56bfc062723c751e8b465ee728b)  -> (artifact id: '544e5b89f722fbd5b833355d61f5bdfe') in 0.007337 seconds 
  Import took 0.010257 seconds .

========================================================================
Received Import Request.
  Time since last request: 3.362240 seconds.
  path: Assets/BayatGames/Free Platform Game Assets/Character/Character Source/png/2x/Body.png
  artifactKey: Guid(0a6fbfb8eda4e574d9f147b94d2acc68) Importer(815301076,1909f56bfc062723c751e8b465ee728b)
Start importing Assets/BayatGames/Free Platform Game Assets/Character/Character Source/png/2x/Body.png using Guid(0a6fbfb8eda4e574d9f147b94d2acc68) Importer(815301076,1909f56bfc062723c751e8b465ee728b)  -> (artifact id: 'ef2b1488dfc2806e46d77b4e3779fa29') in 0.016361 seconds 
  Import took 0.020420 seconds .

========================================================================
Received Import Request.
  Time since last request: 0.000241 seconds.
  path: Assets/BayatGames/Free Platform Game Assets/Character/Character Source/png/2x/RightHand&Arm.png
  artifactKey: Guid(d7d5c862e10b2e7499411077faf065a4) Importer(815301076,1909f56bfc062723c751e8b465ee728b)
Start importing Assets/BayatGames/Free Platform Game Assets/Character/Character Source/png/2x/RightHand&Arm.png using Guid(d7d5c862e10b2e7499411077faf065a4) Importer(815301076,1909f56bfc062723c751e8b465ee728b)  -> (artifact id: 'b7f04e40fdbf65cea0e8625b453da963') in 0.013457 seconds 
  Import took 0.016342 seconds .

========================================================================
Received Import Request.
  Time since last request: 0.000208 seconds.
  path: Assets/BayatGames/Free Platform Game Assets/Character/Character Source/png/2x/LeftHand&Arm.png
  artifactKey: Guid(06a078d21287a7940979bd11e1ad823f) Importer(815301076,1909f56bfc062723c751e8b465ee728b)
Start importing Assets/BayatGames/Free Platform Game Assets/Character/Character Source/png/2x/LeftHand&Arm.png using Guid(06a078d21287a7940979bd11e1ad823f) Importer(815301076,1909f56bfc062723c751e8b465ee728b)  -> (artifact id: 'faa51e2cf96ca7c14e2191569b0ab4f4') in 0.008189 seconds 
  Import took 0.011457 seconds .

========================================================================
Received Import Request.
  Time since last request: 0.000613 seconds.
  path: Assets/BayatGames/Free Platform Game Assets/Character/Character Source/png/2x/Eye.png
  artifactKey: Guid(7daf562beaee76348a9d950a1e6e600e) Importer(815301076,1909f56bfc062723c751e8b465ee728b)
Start importing Assets/BayatGames/Free Platform Game Assets/Character/Character Source/png/2x/Eye.png using Guid(7daf562beaee76348a9d950a1e6e600e) Importer(815301076,1909f56bfc062723c751e8b465ee728b)  -> (artifact id: '8d75742e3152ef96559d246d0a3836a8') in 0.008224 seconds 
  Import took 0.011286 seconds .

========================================================================
Received Import Request.
  Time since last request: 0.000227 seconds.
  path: Assets/BayatGames/Free Platform Game Assets/Character/Character Source/png/2x/Foot.png
  artifactKey: Guid(f6171bfe42e3a0f46a67151cf81c35d8) Importer(815301076,1909f56bfc062723c751e8b465ee728b)
Start importing Assets/BayatGames/Free Platform Game Assets/Character/Character Source/png/2x/Foot.png using Guid(f6171bfe42e3a0f46a67151cf81c35d8) Importer(815301076,1909f56bfc062723c751e8b465ee728b)  -> (artifact id: '7a39ffabeac1c08ebb367eacbcbf1f29') in 0.007889 seconds 
  Import took 0.010689 seconds .

========================================================================
Received Import Request.
  Time since last request: 1.492695 seconds.
  path: Assets/BayatGames/Free Platform Game Assets/Character/Character Source/png/4x/Body.png
  artifactKey: Guid(ea3ababbf963ba74d857824be9c13cde) Importer(815301076,1909f56bfc062723c751e8b465ee728b)
Start importing Assets/BayatGames/Free Platform Game Assets/Character/Character Source/png/4x/Body.png using Guid(ea3ababbf963ba74d857824be9c13cde) Importer(815301076,1909f56bfc062723c751e8b465ee728b)  -> (artifact id: '944370b8f8b48431d9437bac8f444b8a') in 0.018015 seconds 
  Import took 0.022612 seconds .

========================================================================
Received Import Request.
  Time since last request: 0.000383 seconds.
  path: Assets/BayatGames/Free Platform Game Assets/Character/Character Source/png/4x/RightEye.png
  artifactKey: Guid(febf6b47123a14f4180985e86a8681be) Importer(815301076,1909f56bfc062723c751e8b465ee728b)
Start importing Assets/BayatGames/Free Platform Game Assets/Character/Character Source/png/4x/RightEye.png using Guid(febf6b47123a14f4180985e86a8681be) Importer(815301076,1909f56bfc062723c751e8b465ee728b)  -> (artifact id: 'f8fb4c927beadbb6322257fb2d23f856') in 0.010035 seconds 
  Import took 0.013264 seconds .

========================================================================
Received Import Request.
  Time since last request: 0.000255 seconds.
  path: Assets/BayatGames/Free Platform Game Assets/Character/Character Source/png/4x/LeftEye.png
  artifactKey: Guid(b7d48df2dd5700641a5a1ada209269c3) Importer(815301076,1909f56bfc062723c751e8b465ee728b)
Start importing Assets/BayatGames/Free Platform Game Assets/Character/Character Source/png/4x/LeftEye.png using Guid(b7d48df2dd5700641a5a1ada209269c3) Importer(815301076,1909f56bfc062723c751e8b465ee728b)  -> (artifact id: 'aee847c19b977e1f9d40332df32878aa') in 0.009338 seconds 
  Import took 0.012320 seconds .

========================================================================
Received Import Request.
  Time since last request: 0.000227 seconds.
  path: Assets/BayatGames/Free Platform Game Assets/Character/Character Source/png/4x/LeftFoot.png
  artifactKey: Guid(21f1e42e8ee4400409a53c55671bd27f) Importer(815301076,1909f56bfc062723c751e8b465ee728b)
Start importing Assets/BayatGames/Free Platform Game Assets/Character/Character Source/png/4x/LeftFoot.png using Guid(21f1e42e8ee4400409a53c55671bd27f) Importer(815301076,1909f56bfc062723c751e8b465ee728b)  -> (artifact id: 'e31e195e774c7aa1140544130f49a333') in 0.009096 seconds 
  Import took 0.011655 seconds .

========================================================================
Received Import Request.
  Time since last request: 0.000292 seconds.
  path: Assets/BayatGames/Free Platform Game Assets/Character/Character Source/png/4x/LeftHand.png
  artifactKey: Guid(f74f79856fafd60499953268d6762796) Importer(815301076,1909f56bfc062723c751e8b465ee728b)
Start importing Assets/BayatGames/Free Platform Game Assets/Character/Character Source/png/4x/LeftHand.png using Guid(f74f79856fafd60499953268d6762796) Importer(815301076,1909f56bfc062723c751e8b465ee728b)  -> (artifact id: '17e139cd58664e716afb1610a5f29cdb') in 0.008461 seconds 
  Import took 0.011259 seconds .

========================================================================
Received Import Request.
  Time since last request: 0.000388 seconds.
  path: Assets/BayatGames/Free Platform Game Assets/Character/Character Source/png/4x/RightFoot.png
  artifactKey: Guid(2dea15e248a6b794aa38cc1d5cc5c69f) Importer(815301076,1909f56bfc062723c751e8b465ee728b)
Start importing Assets/BayatGames/Free Platform Game Assets/Character/Character Source/png/4x/RightFoot.png using Guid(2dea15e248a6b794aa38cc1d5cc5c69f) Importer(815301076,1909f56bfc062723c751e8b465ee728b)  -> (artifact id: '726df68cf12771c0b3a945b4b36b11c6') in 0.008817 seconds 
  Import took 0.012025 seconds .

========================================================================
Received Import Request.
  Time since last request: 0.000362 seconds.
  path: Assets/BayatGames/Free Platform Game Assets/Character/Character Source/png/4x/RightArm.png
  artifactKey: Guid(d9186e1c6e7e7af42814ff3d20ff83a8) Importer(815301076,1909f56bfc062723c751e8b465ee728b)
Start importing Assets/BayatGames/Free Platform Game Assets/Character/Character Source/png/4x/RightArm.png using Guid(d9186e1c6e7e7af42814ff3d20ff83a8) Importer(815301076,1909f56bfc062723c751e8b465ee728b)  -> (artifact id: 'b2a5cdfaa2d20f4fd0454c1805c28a3c') in 0.008213 seconds 
  Import took 0.011495 seconds .

========================================================================
Received Import Request.
  Time since last request: 0.000287 seconds.
  path: Assets/BayatGames/Free Platform Game Assets/Character/Character Source/png/4x/LeftArm.png
  artifactKey: Guid(a9db2a481a2944f429524f61095bcbaf) Importer(815301076,1909f56bfc062723c751e8b465ee728b)
Start importing Assets/BayatGames/Free Platform Game Assets/Character/Character Source/png/4x/LeftArm.png using Guid(a9db2a481a2944f429524f61095bcbaf) Importer(815301076,1909f56bfc062723c751e8b465ee728b)  -> (artifact id: 'bb2bb08dc8641f16728297082da95928') in 0.010241 seconds 
  Import took 0.013389 seconds .

========================================================================
Received Import Request.
  Time since last request: 0.000302 seconds.
  path: Assets/BayatGames/Free Platform Game Assets/Character/Character Source/png/4x/RightHand.png
  artifactKey: Guid(55d05a90cbf90294d8bdc9298bbc97b9) Importer(815301076,1909f56bfc062723c751e8b465ee728b)
Start importing Assets/BayatGames/Free Platform Game Assets/Character/Character Source/png/4x/RightHand.png using Guid(55d05a90cbf90294d8bdc9298bbc97b9) Importer(815301076,1909f56bfc062723c751e8b465ee728b)  -> (artifact id: '28173562cd199095aab3496bfe746edb') in 0.008674 seconds 
  Import took 0.011228 seconds .

========================================================================
Received Import Request.
  Time since last request: 1.690263 seconds.
  path: Assets/BayatGames/Free Platform Game Assets/Character/Character Source/png/4x/Sprite Mesh
  artifactKey: Guid(a23ce32eb74701d4db51f42e2661b75f) Importer(815301076,1909f56bfc062723c751e8b465ee728b)
Start importing Assets/BayatGames/Free Platform Game Assets/Character/Character Source/png/4x/Sprite Mesh using Guid(a23ce32eb74701d4db51f42e2661b75f) Importer(815301076,1909f56bfc062723c751e8b465ee728b)  -> (artifact id: '053e38a9b4e338da64f23ca0aa0c656a') in 0.001045 seconds 
  Import took 0.004923 seconds .

========================================================================
Received Import Request.
  Time since last request: 0.076412 seconds.
  path: Assets/BayatGames/Free Platform Game Assets/Character/Character Source/png/4x/Sprite Mesh/Body.asset
  artifactKey: Guid(ee067ee8670fa3e47829b0d74eec99c0) Importer(815301076,1909f56bfc062723c751e8b465ee728b)
Start importing Assets/BayatGames/Free Platform Game Assets/Character/Character Source/png/4x/Sprite Mesh/Body.asset using Guid(ee067ee8670fa3e47829b0d74eec99c0) Importer(815301076,1909f56bfc062723c751e8b465ee728b)  -> (artifact id: 'd6df626c09439acdb5fc6e3b95e81a4c') in 0.581584 seconds 
  Import took 0.584481 seconds .

========================================================================
Received Import Request.
  Time since last request: 0.000286 seconds.
  path: Assets/BayatGames/Free Platform Game Assets/Character/Character Source/png/4x/Sprite Mesh/RightArm.asset
  artifactKey: Guid(16a9e1c44e64817489286dc78e4df8c3) Importer(815301076,1909f56bfc062723c751e8b465ee728b)
Start importing Assets/BayatGames/Free Platform Game Assets/Character/Character Source/png/4x/Sprite Mesh/RightArm.asset using Guid(16a9e1c44e64817489286dc78e4df8c3) Importer(815301076,1909f56bfc062723c751e8b465ee728b)  -> (artifact id: 'a9b0534209bd45ae66723a4d0a31df48') in 0.001353 seconds 
  Import took 0.003932 seconds .

========================================================================
Received Import Request.
  Time since last request: 0.000230 seconds.
  path: Assets/BayatGames/Free Platform Game Assets/Character/Character Source/png/4x/Sprite Mesh/LeftEye.asset
  artifactKey: Guid(3a5079f65a64a294bb858ad4f0c42481) Importer(815301076,1909f56bfc062723c751e8b465ee728b)
Start importing Assets/BayatGames/Free Platform Game Assets/Character/Character Source/png/4x/Sprite Mesh/LeftEye.asset using Guid(3a5079f65a64a294bb858ad4f0c42481) Importer(815301076,1909f56bfc062723c751e8b465ee728b)  -> (artifact id: '09767a6c4662c6950a02800d35b4db80') in 0.001448 seconds 
  Import took 0.004263 seconds .

========================================================================
Received Import Request.
  Time since last request: 0.000268 seconds.
  path: Assets/BayatGames/Free Platform Game Assets/Character/Character Source/png/4x/Sprite Mesh/RightFoot.asset
  artifactKey: Guid(5ff121e36eddf704f85167abbb32b4be) Importer(815301076,1909f56bfc062723c751e8b465ee728b)
Start importing Assets/BayatGames/Free Platform Game Assets/Character/Character Source/png/4x/Sprite Mesh/RightFoot.asset using Guid(5ff121e36eddf704f85167abbb32b4be) Importer(815301076,1909f56bfc062723c751e8b465ee728b)  -> (artifact id: '65692075812a14dd770db56e4ad32461') in 0.001329 seconds 
  Import took 0.004001 seconds .

========================================================================
Received Import Request.
  Time since last request: 0.000180 seconds.
  path: Assets/BayatGames/Free Platform Game Assets/Character/Character Source/png/4x/Sprite Mesh/LeftArm.asset
  artifactKey: Guid(158eb4fe651be6245a10e399346cf547) Importer(815301076,1909f56bfc062723c751e8b465ee728b)
Start importing Assets/BayatGames/Free Platform Game Assets/Character/Character Source/png/4x/Sprite Mesh/LeftArm.asset using Guid(158eb4fe651be6245a10e399346cf547) Importer(815301076,1909f56bfc062723c751e8b465ee728b)  -> (artifact id: '968da6269b35d1690b1a392d18774da7') in 0.001274 seconds 
  Import took 0.003574 seconds .

========================================================================
Received Import Request.
  Time since last request: 0.000165 seconds.
  path: Assets/BayatGames/Free Platform Game Assets/Character/Character Source/png/4x/Sprite Mesh/LeftFoot.asset
  artifactKey: Guid(a2cc7935042f38f4cb3af7a6559502c9) Importer(815301076,1909f56bfc062723c751e8b465ee728b)
Start importing Assets/BayatGames/Free Platform Game Assets/Character/Character Source/png/4x/Sprite Mesh/LeftFoot.asset using Guid(a2cc7935042f38f4cb3af7a6559502c9) Importer(815301076,1909f56bfc062723c751e8b465ee728b)  -> (artifact id: '1f7244576b1bd488efeba0abb24a5aa9') in 0.001167 seconds 
  Import took 0.003515 seconds .

========================================================================
Received Import Request.
  Time since last request: 0.000218 seconds.
  path: Assets/BayatGames/Free Platform Game Assets/Character/Character Source/png/4x/Sprite Mesh/RightEye.asset
  artifactKey: Guid(17c571d91f206054c828dd3851b48b3b) Importer(815301076,1909f56bfc062723c751e8b465ee728b)
Start importing Assets/BayatGames/Free Platform Game Assets/Character/Character Source/png/4x/Sprite Mesh/RightEye.asset using Guid(17c571d91f206054c828dd3851b48b3b) Importer(815301076,1909f56bfc062723c751e8b465ee728b)  -> (artifact id: '5713bc38d48ad53a440da19157a82ae5') in 0.001156 seconds 
  Import took 0.003502 seconds .

========================================================================
Received Import Request.
  Time since last request: 0.000219 seconds.
  path: Assets/BayatGames/Free Platform Game Assets/Character/Character Source/png/4x/Sprite Mesh/LeftHand.asset
  artifactKey: Guid(391b199f67121d54b93c5ffe76d01220) Importer(815301076,1909f56bfc062723c751e8b465ee728b)
Start importing Assets/BayatGames/Free Platform Game Assets/Character/Character Source/png/4x/Sprite Mesh/LeftHand.asset using Guid(391b199f67121d54b93c5ffe76d01220) Importer(815301076,1909f56bfc062723c751e8b465ee728b)  -> (artifact id: 'dd9b00aafa6dfa6fe442d56e2df95baf') in 0.001348 seconds 
  Import took 0.003925 seconds .

========================================================================
Received Import Request.
  Time since last request: 0.000203 seconds.
  path: Assets/BayatGames/Free Platform Game Assets/Character/Character Source/png/4x/Sprite Mesh/RightHand.asset
  artifactKey: Guid(b6aa305d74e359f4fb278d0bf4e540f8) Importer(815301076,1909f56bfc062723c751e8b465ee728b)
Start importing Assets/BayatGames/Free Platform Game Assets/Character/Character Source/png/4x/Sprite Mesh/RightHand.asset using Guid(b6aa305d74e359f4fb278d0bf4e540f8) Importer(815301076,1909f56bfc062723c751e8b465ee728b)  -> (artifact id: 'bfba1aa1c7f24c24b898763c4980b48f') in 0.001144 seconds 
  Import took 0.003216 seconds .

========================================================================
Received Import Request.
  Time since last request: 265.919643 seconds.
  path: Assets/Scenes/the real scene.unity
  artifactKey: Guid(9930ee5b8388c45dd8bfccc40d923739) Importer(815301076,1909f56bfc062723c751e8b465ee728b)
Start importing Assets/Scenes/the real scene.unity using Guid(9930ee5b8388c45dd8bfccc40d923739) Importer(815301076,1909f56bfc062723c751e8b465ee728b)  -> (artifact id: '8d882308c43affe35f420de9236a93db') in 0.010638 seconds 
  Import took 0.024829 seconds .

========================================================================
Received Import Request.
  Time since last request: 1.599723 seconds.
  path: Assets/Scenes/SampleScene.unity
  artifactKey: Guid(2cda990e2423bbf4892e6590ba056729) Importer(815301076,1909f56bfc062723c751e8b465ee728b)
Start importing Assets/Scenes/SampleScene.unity using Guid(2cda990e2423bbf4892e6590ba056729) Importer(815301076,1909f56bfc062723c751e8b465ee728b)  -> (artifact id: 'cc27ba23aab66f0ffa0d1635236d5b46') in 0.002240 seconds 
  Import took 0.005516 seconds .

========================================================================
Received Import Request.
  Time since last request: 14.429660 seconds.
  path: Assets/BayatGames/Free Platform Game Assets/Tiles/2D Tiles ( Update 1.9 )/Autumn/128x128/Grass.png
  artifactKey: Guid(ee5ab12db0b73344f9a1c89177d56025) Importer(815301076,1909f56bfc062723c751e8b465ee728b)
Start importing Assets/BayatGames/Free Platform Game Assets/Tiles/2D Tiles ( Update 1.9 )/Autumn/128x128/Grass.png using Guid(ee5ab12db0b73344f9a1c89177d56025) Importer(815301076,1909f56bfc062723c751e8b465ee728b)  -> (artifact id: '52096f8d555190d463a7aba9a3f47b91') in 0.023737 seconds 
  Import took 0.027526 seconds .

========================================================================
Received Import Request.
  Time since last request: 0.000256 seconds.
  path: Assets/BayatGames/Free Platform Game Assets/Tiles/2D Tiles ( Update 1.9 )/Autumn/128x128/GrassLeft.png
  artifactKey: Guid(d1736567c2c2dd3429ca987e6cd63763) Importer(815301076,1909f56bfc062723c751e8b465ee728b)
Start importing Assets/BayatGames/Free Platform Game Assets/Tiles/2D Tiles ( Update 1.9 )/Autumn/128x128/GrassLeft.png using Guid(d1736567c2c2dd3429ca987e6cd63763) Importer(815301076,1909f56bfc062723c751e8b465ee728b)  -> (artifact id: '445a07daa49d1c631f5b441d24cc241f') in 0.012105 seconds 
  Import took 0.015076 seconds .

========================================================================
Received Import Request.
  Time since last request: 0.000229 seconds.
  path: Assets/BayatGames/Free Platform Game Assets/Tiles/2D Tiles ( Update 1.9 )/Autumn/128x128/GrassCliffRight.png
  artifactKey: Guid(bfdb5b705f03df54da987501a4b8fce0) Importer(815301076,1909f56bfc062723c751e8b465ee728b)
Start importing Assets/BayatGames/Free Platform Game Assets/Tiles/2D Tiles ( Update 1.9 )/Autumn/128x128/GrassCliffRight.png using Guid(bfdb5b705f03df54da987501a4b8fce0) Importer(815301076,1909f56bfc062723c751e8b465ee728b)  -> (artifact id: '0990ef0970c3ed99530c28e283680fb8') in 0.009439 seconds 
  Import took 0.011893 seconds .

========================================================================
Received Import Request.
  Time since last request: 0.000220 seconds.
  path: Assets/BayatGames/Free Platform Game Assets/Tiles/2D Tiles ( Update 1.9 )/Autumn/128x128/GrassJoinHillRight2.png
  artifactKey: Guid(a92e457a2f2fd7c4da172841b810de0d) Importer(815301076,1909f56bfc062723c751e8b465ee728b)
Start importing Assets/BayatGames/Free Platform Game Assets/Tiles/2D Tiles ( Update 1.9 )/Autumn/128x128/GrassJoinHillRight2.png using Guid(a92e457a2f2fd7c4da172841b810de0d) Importer(815301076,1909f56bfc062723c751e8b465ee728b)  -> (artifact id: '5b5798dbb2ffd1d232fe4f2febab10cd') in 0.009072 seconds 
  Import took 0.011376 seconds .

========================================================================
Received Import Request.
  Time since last request: 0.000330 seconds.
  path: Assets/BayatGames/Free Platform Game Assets/Tiles/2D Tiles ( Update 1.9 )/Autumn/128x128/GrassJoinHillLeft2.png
  artifactKey: Guid(1da4f4e304173804ab15aaa0ae2b240d) Importer(815301076,1909f56bfc062723c751e8b465ee728b)
Start importing Assets/BayatGames/Free Platform Game Assets/Tiles/2D Tiles ( Update 1.9 )/Autumn/128x128/GrassJoinHillLeft2.png using Guid(1da4f4e304173804ab15aaa0ae2b240d) Importer(815301076,1909f56bfc062723c751e8b465ee728b)  -> (artifact id: 'a6bcbb8f4c77d08e153e0bc62430c8c9') in 0.011743 seconds 
  Import took 0.014204 seconds .

========================================================================
Received Import Request.
  Time since last request: 0.000267 seconds.
  path: Assets/BayatGames/Free Platform Game Assets/Tiles/2D Tiles ( Update 1.9 )/Autumn/128x128/GrassJoinHillRight.png
  artifactKey: Guid(ef6deb59c78310043951c1da01813add) Importer(815301076,1909f56bfc062723c751e8b465ee728b)
Start importing Assets/BayatGames/Free Platform Game Assets/Tiles/2D Tiles ( Update 1.9 )/Autumn/128x128/GrassJoinHillRight.png using Guid(ef6deb59c78310043951c1da01813add) Importer(815301076,1909f56bfc062723c751e8b465ee728b)  -> (artifact id: '2fe7d58d0cd8ef4aa406be57bf67e0d0') in 0.011625 seconds 
  Import took 0.014415 seconds .

========================================================================
Received Import Request.
  Time since last request: 0.000277 seconds.
  path: Assets/BayatGames/Free Platform Game Assets/Tiles/2D Tiles ( Update 1.9 )/Autumn/128x128/GrassJoinHillLeft2 DownShadow.png
  artifactKey: Guid(327a50b8eed10cf4e81f16418b093f98) Importer(815301076,1909f56bfc062723c751e8b465ee728b)
Start importing Assets/BayatGames/Free Platform Game Assets/Tiles/2D Tiles ( Update 1.9 )/Autumn/128x128/GrassJoinHillLeft2 DownShadow.png using Guid(327a50b8eed10cf4e81f16418b093f98) Importer(815301076,1909f56bfc062723c751e8b465ee728b)  -> (artifact id: '4a2a6529d3c3938553c4cf5577630a39') in 0.011679 seconds 
  Import took 0.014024 seconds .

========================================================================
Received Import Request.
  Time since last request: 0.000297 seconds.
  path: Assets/BayatGames/Free Platform Game Assets/Tiles/2D Tiles ( Update 1.9 )/Autumn/128x128/GrassHillLeft2.png
  artifactKey: Guid(c4f1b75a04811774f88928aa05503459) Importer(815301076,1909f56bfc062723c751e8b465ee728b)
Start importing Assets/BayatGames/Free Platform Game Assets/Tiles/2D Tiles ( Update 1.9 )/Autumn/128x128/GrassHillLeft2.png using Guid(c4f1b75a04811774f88928aa05503459) Importer(815301076,1909f56bfc062723c751e8b465ee728b)  -> (artifact id: 'ed4e1c4e8e42d6013cd068b8b9be16b4') in 0.008955 seconds 
  Import took 0.011411 seconds .

========================================================================
Received Import Request.
  Time since last request: 0.000186 seconds.
  path: Assets/BayatGames/Free Platform Game Assets/Tiles/2D Tiles ( Update 1.9 )/Autumn/128x128/GrassRight.png
  artifactKey: Guid(d97a6e0d370b9934daa6588cf7c54c30) Importer(815301076,1909f56bfc062723c751e8b465ee728b)
Start importing Assets/BayatGames/Free Platform Game Assets/Tiles/2D Tiles ( Update 1.9 )/Autumn/128x128/GrassRight.png using Guid(d97a6e0d370b9934daa6588cf7c54c30) Importer(815301076,1909f56bfc062723c751e8b465ee728b)  -> (artifact id: '518f776ee3a09b5d75e2e2b57e21190b') in 0.009319 seconds 
  Import took 0.011723 seconds .

========================================================================
Received Import Request.
  Time since last request: 0.000207 seconds.
  path: Assets/BayatGames/Free Platform Game Assets/Tiles/2D Tiles ( Update 1.9 )/Autumn/128x128/GrassHillRight2.png
  artifactKey: Guid(516340aee8fff1b4397ed02b07e107d6) Importer(815301076,1909f56bfc062723c751e8b465ee728b)
Start importing Assets/BayatGames/Free Platform Game Assets/Tiles/2D Tiles ( Update 1.9 )/Autumn/128x128/GrassHillRight2.png using Guid(516340aee8fff1b4397ed02b07e107d6) Importer(815301076,1909f56bfc062723c751e8b465ee728b)  -> (artifact id: '0c109aaf86a96dcbcaec614ee3438772') in 0.009257 seconds 
  Import took 0.011846 seconds .

========================================================================
Received Import Request.
  Time since last request: 0.000234 seconds.
  path: Assets/BayatGames/Free Platform Game Assets/Tiles/2D Tiles ( Update 1.9 )/Autumn/128x128/GrassJoinHillRight2&Left2 DownShadow.png
  artifactKey: Guid(b4ea590163c55db47963405e2db5f20a) Importer(815301076,1909f56bfc062723c751e8b465ee728b)
Start importing Assets/BayatGames/Free Platform Game Assets/Tiles/2D Tiles ( Update 1.9 )/Autumn/128x128/GrassJoinHillRight2&Left2 DownShadow.png using Guid(b4ea590163c55db47963405e2db5f20a) Importer(815301076,1909f56bfc062723c751e8b465ee728b)  -> (artifact id: '943d5125155c9fc0c4a5f8df154d0c9f') in 0.010637 seconds 
  Import took 0.013401 seconds .

========================================================================
Received Import Request.
  Time since last request: 0.000177 seconds.
  path: Assets/BayatGames/Free Platform Game Assets/Tiles/2D Tiles ( Update 1.9 )/Autumn/128x128/GrassJoinHillLeft&Right.png
  artifactKey: Guid(8bfd4e380c6dbb541908d5d052c8295f) Importer(815301076,1909f56bfc062723c751e8b465ee728b)
Start importing Assets/BayatGames/Free Platform Game Assets/Tiles/2D Tiles ( Update 1.9 )/Autumn/128x128/GrassJoinHillLeft&Right.png using Guid(8bfd4e380c6dbb541908d5d052c8295f) Importer(815301076,1909f56bfc062723c751e8b465ee728b)  -> (artifact id: '387028d5a2bc217fea959e0abf53117e') in 0.011880 seconds 
  Import took 0.014506 seconds .

========================================================================
Received Import Request.
  Time since last request: 0.000209 seconds.
  path: Assets/BayatGames/Free Platform Game Assets/Tiles/2D Tiles ( Update 1.9 )/Autumn/128x128/GrassHillLeft2 DownShadow.png
  artifactKey: Guid(6bc26ef4f80039146b0387478da839b1) Importer(815301076,1909f56bfc062723c751e8b465ee728b)
Start importing Assets/BayatGames/Free Platform Game Assets/Tiles/2D Tiles ( Update 1.9 )/Autumn/128x128/GrassHillLeft2 DownShadow.png using Guid(6bc26ef4f80039146b0387478da839b1) Importer(815301076,1909f56bfc062723c751e8b465ee728b)  -> (artifact id: '9c63fd1b64eee17c3d89b0a2abdddfe7') in 0.009842 seconds 
  Import took 0.012345 seconds .

========================================================================
Received Import Request.
  Time since last request: 0.000191 seconds.
  path: Assets/BayatGames/Free Platform Game Assets/Tiles/2D Tiles ( Update 1.9 )/Autumn/128x128/GrassHillRight.png
  artifactKey: Guid(b7918b0510151184f8eaeb13c7e8a1ae) Importer(815301076,1909f56bfc062723c751e8b465ee728b)
Start importing Assets/BayatGames/Free Platform Game Assets/Tiles/2D Tiles ( Update 1.9 )/Autumn/128x128/GrassHillRight.png using Guid(b7918b0510151184f8eaeb13c7e8a1ae) Importer(815301076,1909f56bfc062723c751e8b465ee728b)  -> (artifact id: '9f843b66907260ead0396d570a9a9952') in 0.010018 seconds 
  Import took 0.012250 seconds .

========================================================================
Received Import Request.
  Time since last request: 0.000194 seconds.
  path: Assets/BayatGames/Free Platform Game Assets/Tiles/2D Tiles ( Update 1.9 )/Autumn/128x128/GrassCliffLeft.png
  artifactKey: Guid(1ad757c5da8692b4da9682f9ad8dfca6) Importer(815301076,1909f56bfc062723c751e8b465ee728b)
Start importing Assets/BayatGames/Free Platform Game Assets/Tiles/2D Tiles ( Update 1.9 )/Autumn/128x128/GrassCliffLeft.png using Guid(1ad757c5da8692b4da9682f9ad8dfca6) Importer(815301076,1909f56bfc062723c751e8b465ee728b)  -> (artifact id: '70f1545fa04e17c4468e66df84ad4406') in 0.012579 seconds 
  Import took 0.014915 seconds .

========================================================================
Received Import Request.
  Time since last request: 0.000153 seconds.
  path: Assets/BayatGames/Free Platform Game Assets/Tiles/2D Tiles ( Update 1.9 )/Autumn/128x128/GrassJoinHillLeft.png
  artifactKey: Guid(b8a5ba1d5d49334429d4af4b77e8ba21) Importer(815301076,1909f56bfc062723c751e8b465ee728b)
Start importing Assets/BayatGames/Free Platform Game Assets/Tiles/2D Tiles ( Update 1.9 )/Autumn/128x128/GrassJoinHillLeft.png using Guid(b8a5ba1d5d49334429d4af4b77e8ba21) Importer(815301076,1909f56bfc062723c751e8b465ee728b)  -> (artifact id: '9b2bf98d83c95fdb6d6692fec6a57038') in 0.009091 seconds 
  Import took 0.011356 seconds .

========================================================================
Received Import Request.
  Time since last request: 0.000245 seconds.
  path: Assets/BayatGames/Free Platform Game Assets/Tiles/2D Tiles ( Update 1.9 )/Autumn/128x128/GrassJoinHillRight2 DownShadow.png
  artifactKey: Guid(cf009cee68ffabd4da43cef4a293d372) Importer(815301076,1909f56bfc062723c751e8b465ee728b)
Start importing Assets/BayatGames/Free Platform Game Assets/Tiles/2D Tiles ( Update 1.9 )/Autumn/128x128/GrassJoinHillRight2 DownShadow.png using Guid(cf009cee68ffabd4da43cef4a293d372) Importer(815301076,1909f56bfc062723c751e8b465ee728b)  -> (artifact id: 'a1777314107e4a3cd534c6c76900406e') in 0.009462 seconds 
  Import took 0.011901 seconds .

========================================================================
Received Import Request.
  Time since last request: 0.000202 seconds.
  path: Assets/BayatGames/Free Platform Game Assets/Tiles/2D Tiles ( Update 1.9 )/Autumn/128x128/GrassJoinHillRight2&Left2.png
  artifactKey: Guid(c572dafcaa2932f4980111a2b4ab977e) Importer(815301076,1909f56bfc062723c751e8b465ee728b)
Start importing Assets/BayatGames/Free Platform Game Assets/Tiles/2D Tiles ( Update 1.9 )/Autumn/128x128/GrassJoinHillRight2&Left2.png using Guid(c572dafcaa2932f4980111a2b4ab977e) Importer(815301076,1909f56bfc062723c751e8b465ee728b)  -> (artifact id: '19cd5c0b64453c2f39163ba080408258') in 0.009290 seconds 
  Import took 0.011604 seconds .

========================================================================
Received Import Request.
  Time since last request: 0.000196 seconds.
  path: Assets/BayatGames/Free Platform Game Assets/Tiles/2D Tiles ( Update 1.9 )/Autumn/128x128/GrassHillRight2 DownShadow.png
  artifactKey: Guid(7a066788bddaf4443ac747cea9ab415c) Importer(815301076,1909f56bfc062723c751e8b465ee728b)
Start importing Assets/BayatGames/Free Platform Game Assets/Tiles/2D Tiles ( Update 1.9 )/Autumn/128x128/GrassHillRight2 DownShadow.png using Guid(7a066788bddaf4443ac747cea9ab415c) Importer(815301076,1909f56bfc062723c751e8b465ee728b)  -> (artifact id: '8741fd735eda9b0a232227f58ffa502b') in 0.012624 seconds 
  Import took 0.014931 seconds .

========================================================================
Received Import Request.
  Time since last request: 0.000174 seconds.
  path: Assets/BayatGames/Free Platform Game Assets/Tiles/2D Tiles ( Update 1.9 )/Autumn/128x128/GrassMid.png
  artifactKey: Guid(81a811ecc61d9c14d93f7dbdeee253da) Importer(815301076,1909f56bfc062723c751e8b465ee728b)
Start importing Assets/BayatGames/Free Platform Game Assets/Tiles/2D Tiles ( Update 1.9 )/Autumn/128x128/GrassMid.png using Guid(81a811ecc61d9c14d93f7dbdeee253da) Importer(815301076,1909f56bfc062723c751e8b465ee728b)  -> (artifact id: 'b48973ec8ea6a4e68b1589b99800bc43') in 0.009364 seconds 
  Import took 0.011869 seconds .

========================================================================
Received Import Request.
  Time since last request: 0.000387 seconds.
  path: Assets/BayatGames/Free Platform Game Assets/Tiles/2D Tiles ( Update 1.9 )/Autumn/128x128/GrassHillLeft.png
  artifactKey: Guid(67ff0ac2f6a9516408f3b2116d604e45) Importer(815301076,1909f56bfc062723c751e8b465ee728b)
Start importing Assets/BayatGames/Free Platform Game Assets/Tiles/2D Tiles ( Update 1.9 )/Autumn/128x128/GrassHillLeft.png using Guid(67ff0ac2f6a9516408f3b2116d604e45) Importer(815301076,1909f56bfc062723c751e8b465ee728b)  -> (artifact id: '0ee6166cdc6b6e066c0c7730d8e66b69') in 0.009149 seconds 
  Import took 0.012061 seconds .

========================================================================
Received Import Request.
  Time since last request: 0.000298 seconds.
  path: Assets/BayatGames/Free Platform Game Assets/Tiles/2D Tiles ( Update 1.9 )/Autumn/128x128/GrassCliffMid.png
  artifactKey: Guid(7ba86cf90c6212242a19ed14895d16ac) Importer(815301076,1909f56bfc062723c751e8b465ee728b)
Start importing Assets/BayatGames/Free Platform Game Assets/Tiles/2D Tiles ( Update 1.9 )/Autumn/128x128/GrassCliffMid.png using Guid(7ba86cf90c6212242a19ed14895d16ac) Importer(815301076,1909f56bfc062723c751e8b465ee728b)  -> (artifact id: '87f56907954e4e03f3e142f933a80a77') in 0.009716 seconds 
  Import took 0.012181 seconds .

========================================================================
Received Import Request.
  Time since last request: 0.000181 seconds.
  path: Assets/BayatGames/Free Platform Game Assets/Tiles/2D Tiles ( Update 1.9 )/Autumn/128x128/GrassColumn.png
  artifactKey: Guid(d171fb091351c454492d8c6c8b00da87) Importer(815301076,1909f56bfc062723c751e8b465ee728b)
Start importing Assets/BayatGames/Free Platform Game Assets/Tiles/2D Tiles ( Update 1.9 )/Autumn/128x128/GrassColumn.png using Guid(d171fb091351c454492d8c6c8b00da87) Importer(815301076,1909f56bfc062723c751e8b465ee728b)  -> (artifact id: 'f7fbd266511fc583042e472c987bfb11') in 0.009109 seconds 
  Import took 0.011889 seconds .

========================================================================
Received Import Request.
  Time since last request: 66.112785 seconds.
  path: Assets/BayatGames/Free Platform Game Assets/Backgrounds/Background/png/1920x1080/Background/Background.png
  artifactKey: Guid(a52c61e4d863eb24eb1a6cec742bd3ff) Importer(815301076,1909f56bfc062723c751e8b465ee728b)
Start importing Assets/BayatGames/Free Platform Game Assets/Backgrounds/Background/png/1920x1080/Background/Background.png using Guid(a52c61e4d863eb24eb1a6cec742bd3ff) Importer(815301076,1909f56bfc062723c751e8b465ee728b)  -> (artifact id: 'ee94a43253b340af8dc0a943a048a16c') in 0.017561 seconds 
  Import took 0.021994 seconds .

========================================================================
Received Import Request.
  Time since last request: 22.466509 seconds.
  path: Assets/BayatGames/Free Platform Game Assets/Backgrounds/Background/png/Clouds/128x128/Cloud_1.png
  artifactKey: Guid(53a92b61ea7dbdb45a0b3db4c15903c6) Importer(815301076,1909f56bfc062723c751e8b465ee728b)
Start importing Assets/BayatGames/Free Platform Game Assets/Backgrounds/Background/png/Clouds/128x128/Cloud_1.png using Guid(53a92b61ea7dbdb45a0b3db4c15903c6) Importer(815301076,1909f56bfc062723c751e8b465ee728b)  -> (artifact id: '980c44f64022b8f6aff2b76e1ad17257') in 0.017975 seconds 
  Import took 0.022301 seconds .

========================================================================
Received Import Request.
  Time since last request: 0.000243 seconds.
  path: Assets/BayatGames/Free Platform Game Assets/Backgrounds/Background/png/Clouds/128x128/Cloud_2.png
  artifactKey: Guid(ee0b71f75b01641449ee50230ab87913) Importer(815301076,1909f56bfc062723c751e8b465ee728b)
Start importing Assets/BayatGames/Free Platform Game Assets/Backgrounds/Background/png/Clouds/128x128/Cloud_2.png using Guid(ee0b71f75b01641449ee50230ab87913) Importer(815301076,1909f56bfc062723c751e8b465ee728b)  -> (artifact id: 'beca7794b54d456489fc8848d0acbcd7') in 0.011594 seconds 
  Import took 0.014503 seconds .

========================================================================
Received Prepare
Registering precompiled user dll's ...
Registered in 0.007527 seconds.
Begin MonoManager ReloadAssembly
Native extension for OSXStandalone target not found
Refreshing native plugins compatible for Editor in 0.61 ms, found 4 plugins.
Preloading 0 native plugins for Editor in 0.00 ms.
Mono: successfully reloaded assembly
- Completed reload, in  2.808 seconds
Domain Reload Profiling:
	ReloadAssembly (2809ms)
		BeginReloadAssembly (297ms)
			ExecutionOrderSort (0ms)
			DisableScriptedObjects (40ms)
			BackupInstance (0ms)
			ReleaseScriptingObjects (0ms)
			CreateAndSetChildDomain (141ms)
		EndReloadAssembly (2397ms)
			LoadAssemblies (216ms)
			RebuildTransferFunctionScriptingTraits (0ms)
			SetupTypeCache (397ms)
			ReleaseScriptCaches (1ms)
			RebuildScriptCaches (58ms)
			SetupLoadedEditorAssemblies (1398ms)
				LogAssemblyErrors (0ms)
				InitializePlatformSupportModulesInManaged (21ms)
				SetLoadedEditorAssemblies (2ms)
				RefreshPlugins (1ms)
				BeforeProcessingInitializeOnLoad (119ms)
				ProcessInitializeOnLoadAttributes (1228ms)
				ProcessInitializeOnLoadMethodAttributes (27ms)
				AfterProcessingInitializeOnLoad (1ms)
				EditorAssembliesLoaded (0ms)
			ExecutionOrderSort2 (0ms)
			AwakeInstancesAfterBackupRestoration (64ms)
Platform modules already initialized, skipping
Refreshing native plugins compatible for Editor in 0.70 ms, found 4 plugins.
Preloading 0 native plugins for Editor in 0.00 ms.
Unloading 2100 Unused Serialized files (Serialized files now loaded: 0)
System memory in use before: 187.8 MB.
System memory in use after: 187.9 MB.

Unloading 33 unused Assets to reduce memory usage. Loaded Objects now: 2610.
Total: 2.509167 ms (FindLiveObjects: 0.207375 ms CreateObjectMapping: 0.048375 ms MarkObjects: 2.224083 ms  DeleteObjects: 0.028209 ms)

AssetImportParameters requested are different than current active one (requested -> active):
  custom:video-decoder-ogg-theora: a1e56fd34408186e4bbccfd4996cb3dc -> 
  custom:container-muxer-webm: aa71ff27fc2769a1b78a27578f13a17b -> 
  custom:container-demuxer-webm: 4f35f7cbe854078d1ac9338744f61a02 -> 
  custom:container-demuxer-ogg: 62fdf1f143b41e24485cea50d1cbac27 -> 
  custom:video-encoder-webm-vp8: eb34c28f22e8b96e1ab97ce403110664 -> 
  custom:framework-osx-AVFoundation: e770b220cccbd017edd2c1fefb359320 -> 
  custom:video-decoder-webm-vp8: 9c59270c3fd7afecdb556c50c9e8de78 -> 
  custom:audio-decoder-ogg-vorbis: bf7c407c2cedff20999df2af8eb42d56 -> 
  custom:audio-encoder-webm-vorbis: bf7c407c2cedff20999df2af8eb42d56 -> 
